[debug] [2018-06-23T00:42:23.710Z] ----------------------------------------------------------------------
[debug] [2018-06-23T00:42:23.714Z] Command:       C:\Program Files\nodejs\node.exe C:\Users\khayreddine\AppData\Roaming\npm\node_modules\firebase-tools\bin\firebase init
[debug] [2018-06-23T00:42:23.715Z] CLI Version:   3.19.0
[debug] [2018-06-23T00:42:23.715Z] Platform:      win32
[debug] [2018-06-23T00:42:23.715Z] Node Version:  v8.9.4
[debug] [2018-06-23T00:42:23.715Z] Time:          Sat Jun 23 2018 01:42:23 GMT+0100 (W. Central Africa Standard Time)
[debug] [2018-06-23T00:42:23.715Z] ----------------------------------------------------------------------
[debug] 
[debug] [2018-06-23T00:42:23.736Z] > command requires scopes: ["email","openid","https://www.googleapis.com/auth/cloudplatformprojects.readonly","https://www.googleapis.com/auth/firebase"]
[debug] [2018-06-23T00:42:23.739Z] > authorizing via signed-in user
[info] 
     ######## #### ########  ######## ########     ###     ######  ########
     ##        ##  ##     ## ##       ##     ##  ##   ##  ##       ##
     ######    ##  ########  ######   ########  #########  ######  ######
     ##        ##  ##    ##  ##       ##     ## ##     ##       ## ##
     ##       #### ##     ## ######## ########  ##     ##  ######  ########

You're about to initialize a Firebase project in this directory:

  E:\Workspace\ngx-admin

[info] 
=== Project Setup
[info] 
[info] First, let's associate this project directory with a Firebase project.
[info] You can create multiple project aliases by running firebase use --add, 
[info] but for now we'll just set up a default project.
[info] 
[debug] [2018-06-23T00:42:58.133Z] > refreshing access token with scopes: ["email","https://www.googleapis.com/auth/cloudplatformprojects.readonly","https://www.googleapis.com/auth/firebase","openid"]
[debug] [2018-06-23T00:42:58.134Z] >>> HTTP REQUEST POST https://www.googleapis.com/oauth2/v3/token  
 { refresh_token: '1/JFQQmrUm8wBKZEC2CsGC7aH77o9YOWRQUlFnE5wUNvw',
  client_id: '563584335869-fgrhgmd47bqnekij5i8b5pr03ho849e6.apps.googleusercontent.com',
  client_secret: 'j9iVZfS8kkCEFUPaAeJV0sAi',
  grant_type: 'refresh_token',
  scope: 'email https://www.googleapis.com/auth/cloudplatformprojects.readonly https://www.googleapis.com/auth/firebase openid' } 
 Sat Jun 23 2018 01:42:58 GMT+0100 (W. Central Africa Standard Time)
[debug] [2018-06-23T00:42:59.837Z] <<< HTTP RESPONSE 200
[debug] [2018-06-23T00:42:59.932Z] >>> HTTP REQUEST GET https://admin.firebase.com/v1/projects  
  
 Sat Jun 23 2018 01:42:59 GMT+0100 (W. Central Africa Standard Time)
[debug] [2018-06-23T00:43:01.361Z] <<< HTTP RESPONSE 200
[debug] [2018-06-23T00:43:12.803Z] ----------------------------------------------------------------------
[debug] [2018-06-23T00:43:12.807Z] Command:       C:\Program Files\nodejs\node.exe C:\Users\khayreddine\AppData\Roaming\npm\node_modules\firebase-tools\bin\firebase init
[debug] [2018-06-23T00:43:12.807Z] CLI Version:   3.19.0
[debug] [2018-06-23T00:43:12.807Z] Platform:      win32
[debug] [2018-06-23T00:43:12.807Z] Node Version:  v8.9.4
[debug] [2018-06-23T00:43:12.807Z] Time:          Sat Jun 23 2018 01:43:12 GMT+0100 (W. Central Africa Standard Time)
[debug] [2018-06-23T00:43:12.808Z] ----------------------------------------------------------------------
[debug] 
[debug] [2018-06-23T00:43:12.828Z] > command requires scopes: ["email","openid","https://www.googleapis.com/auth/cloudplatformprojects.readonly","https://www.googleapis.com/auth/firebase"]
[debug] [2018-06-23T00:43:12.830Z] > authorizing via signed-in user
[info] 
     ######## #### ########  ######## ########     ###     ######  ########
     ##        ##  ##     ## ##       ##     ##  ##   ##  ##       ##
     ######    ##  ########  ######   ########  #########  ######  ######
     ##        ##  ##    ##  ##       ##     ## ##     ##       ## ##
     ##       #### ##     ## ######## ########  ##     ##  ######  ########

You're about to initialize a Firebase project in this directory:

  E:\Workspace\ngx-admin

[info] 
=== Project Setup
[info] 
[info] First, let's associate this project directory with a Firebase project.
[info] You can create multiple project aliases by running firebase use --add, 
[info] but for now we'll just set up a default project.
[info] 
[debug] [2018-06-23T00:43:38.789Z] >>> HTTP REQUEST GET https://admin.firebase.com/v1/projects  
  
 Sat Jun 23 2018 01:43:38 GMT+0100 (W. Central Africa Standard Time)
[debug] [2018-06-23T00:43:39.941Z] <<< HTTP RESPONSE 200
[info] 
=== Database Setup
[info] 
[info] Firebase Realtime Database Rules allow you to define how your data should be
[info] structured and when your data can be read from and written to.
[info] 
